<?xml version="1.0" encoding="UTF-8"?>
<testsuite xmlns:xsi="http://www.w3.org/2001/XMLSchema-instance" xsi:noNamespaceSchemaLocation="https://maven.apache.org/surefire/maven-surefire-plugin/xsd/surefire-test-report-3.0.xsd" version="3.0" name="regestrationTests.ValidRegistrationByClickSingUpForOurAppButton" time="53.791" tests="1" errors="0" skipped="0" failures="0">
  <properties>
[...]
</properties>
  <testcase name="validRegistrationByClickSingUpForOurAppButton" classname="regestrationTests.ValidRegistrationByClickSingUpForOurAppButton" time="53.791">
    <system-out><![CDATA[2021-15-03 14:47:19   INFO [ValidRegistrationByClickSingUpForOurAppButton:41  ] : -------- validRegistrationByClickSingUpForOurAppButton was started.------------
2021-15-03 14:47:20   INFO [    WebDriverManager:600 ] : Using chromedriver 88.0.4324.96 (since Google Chrome 88 is installed in your machine)
2021-15-03 14:47:20   INFO [    WebDriverManager:1078] : Exporting webdriver.chrome.driver as C:\Users\User\.m2\repository\webdriver\chromedriver\win32\88.0.4324.96\chromedriver.exe
2021-15-03 14:47:23   INFO [ValidRegistrationByClickSingUpForOurAppButton:48  ] : Browser was open.
2021-15-03 14:47:24   INFO [           LoginPage:76  ] : Login page was open.
2021-15-03 14:47:25   INFO [           LoginPage:58  ] : zhx was input in to element 'Input User Name In Register In' 
2021-15-03 14:47:25   INFO [           LoginPage:58  ] : 20210315144723@ukr.net was input in to element 'Input Email In Register In' 
2021-15-03 14:47:25   INFO [           LoginPage:58  ] : JXvjV36mB7wV was input in to element 'Input Pass Word In Register In' 
2021-15-03 14:47:26   INFO [           LoginPage:85  ] :  'Button Sign Up For Our App' element was clicked.
2021-15-03 14:47:26   INFO [           LoginPage:236 ] : Password is not visible
2021-15-03 14:47:38   INFO [           LoginPage:85  ] :  'Button Sign Up For Our App' element was clicked.
2021-15-03 14:48:11   INFO [            HomePage:98  ] :  'Registration Form Login Page' Element displayed:false
2021-15-03 14:48:11   INFO [            HomePage:115 ] : Text after registration on the top is visible - Hello zhx, your feed is empty.
2021-15-03 14:48:11   INFO [            HomePage:95  ] :  'Search Button' Element displayed:true
2021-15-03 14:48:11   INFO [            HomePage:95  ] :  'Chat Button' Element displayed:true
2021-15-03 14:48:11   INFO [            HomePage:95  ] :  'Avatar Button' Element displayed:true
2021-15-03 14:48:11   INFO [            HomePage:95  ] :  'User Name Button' Element displayed:true
2021-15-03 14:48:11   INFO [ValidRegistrationByClickSingUpForOurAppButton:82  ] : -------- validRegistrationByClickSingUpForOurAppButton was ended.--------------
2021-15-03 14:48:11   INFO [ValidRegistrationByClickSingUpForOurAppButton:105 ] : Finished test: regestrationTests.ValidRegistrationByClickSingUpForOurAppButton::validRegistrationByClickSingUpForOurAppButton
2021-15-03 14:48:12   INFO [ValidRegistrationByClickSingUpForOurAppButton:108 ] : Browser was closed
]]></system-out>
    <system-err><![CDATA[мар 15, 2021 2:47:19 PM java.util.prefs.WindowsPreferences <init>
WARNING: Could not open/create prefs root node Software\JavaSoft\Prefs at root 0x80000002. Windows RegCreateKeyEx(...) returned error code 5.
Starting ChromeDriver 88.0.4324.96 (68dba2d8a0b149a1d3afac56fa74648032bcf46b-refs/branch-heads/4324@{#1784}) on port 20417
Only local connections are allowed.
Please see https://chromedriver.chromium.org/security-considerations for suggestions on keeping ChromeDriver safe.
ChromeDriver was started successfully.
мар 15, 2021 2:47:23 PM org.openqa.selenium.remote.ProtocolHandshake createSession
INFO: Detected dialect: W3C
]]></system-err>
  </testcase>
</testsuite>